<?xml version="1.0" encoding="UTF-8"?>
<!-- Generated by org.testng.reporters.JUnitReportReporter -->
<testsuite hostname="DESKTOP-3JI0BIH" failures="0" tests="1" name="SeleniumTestNGDemo" time="29.820" errors="0" timestamp="2022-03-25T14:36:43 IST" skipped="0">
  <testcase classname="SeleniumTestNGDemo" name="sampleTestMethod" time="29.820"/>
  <system-out/>
</testsuite> <!-- SeleniumTestNGDemo -->
