<?xml version="1.0" encoding="UTF-8"?>
<!-- Generated by org.testng.reporters.JUnitReportReporter -->
<testsuite hostname="DESKTOP-3JI0BIH" failures="0" tests="1" name="SeleniumTestNGDemo" time="20.184" errors="0" timestamp="2022-03-26T13:35:40 IST" skipped="0">
  <testcase classname="SeleniumTestNGDemo" name="sampleTestMethod" time="20.184"/>
  <system-out/>
</testsuite> <!-- SeleniumTestNGDemo -->
