<?xml version="1.0" encoding="UTF-8"?>
<!-- Generated by org.testng.reporters.JUnitReportReporter -->
<testsuite hostname="DESKTOP-3JI0BIH" failures="0" tests="1" name="SeleniumTestNGDemo" time="42.835" errors="0" timestamp="2022-03-26T12:50:20 IST" skipped="0">
  <testcase classname="SeleniumTestNGDemo" name="sampleTestMethod" time="42.835"/>
  <system-out/>
</testsuite> <!-- SeleniumTestNGDemo -->
